# JRE version: Java(TM) SE Runtime Environment (8.0_73-b02) (build 1.8.0_73-b02)
# Java VM: Java HotSpot(TM) 64-Bit Server VM (25.73-b02 mixed mode windows-amd64 compressed oops)
Heap:
 PSYoungGen      total 215552K, used 35090K [0x00000000d6100000, 0x00000000e7900000, 0x0000000100000000)
  eden space 202240K, 15% used [0x00000000d6100000,0x00000000d80588c8,0x00000000e2680000)
  from space 13312K, 22% used [0x00000000e3700000,0x00000000e39ec0a0,0x00000000e4400000)
  to   space 16896K, 0% used [0x00000000e2680000,0x00000000e2680000,0x00000000e3700000)
 ParOldGen       total 69120K, used 43409K [0x0000000082200000, 0x0000000086580000, 0x00000000d6100000)
  object space 69120K, 62% used [0x0000000082200000,0x0000000084c64400,0x0000000086580000)
 Metaspace       used 23633K, capacity 24326K, committed 24448K, reserved 1071104K
  class space    used 2680K, capacity 2869K, committed 2944K, reserved 1048576K
GC Heap History (10 events):
Event: 7.412 GC heap before
{Heap before GC invocations=9 (full 0):
 PSYoungGen      total 137728K, used 84653K [0x00000000d6100000, 0x00000000df500000, 0x0000000100000000)
  eden space 128512K, 58% used [0x00000000d6100000,0x00000000daab1e38,0x00000000dde80000)
  from space 9216K, 99% used [0x00000000de900000,0x00000000df1f9988,0x00000000df200000)
  to   space 10752K, 0% used [0x00000000dde80000,0x00000000dde80000,0x00000000de900000)
 ParOldGen       total 86016K, used 10867K [0x0000000082200000, 0x0000000087600000, 0x00000000d6100000)
  object space 86016K, 12% used [0x0000000082200000,0x0000000082c9cf38,0x0000000087600000)
 Metaspace       used 20606K, capacity 21088K, committed 21296K, reserved 1069056K
  class space    used 2405K, capacity 2567K, committed 2688K, reserved 1048576K
Event: 7.445 GC heap after
Heap after GC invocations=9 (full 0):
 PSYoungGen      total 139264K, used 10729K [0x00000000d6100000, 0x00000000e4400000, 0x0000000100000000)
  eden space 128512K, 0% used [0x00000000d6100000,0x00000000d6100000,0x00000000dde80000)
  from space 10752K, 99% used [0x00000000dde80000,0x00000000de8fa470,0x00000000de900000)
  to   space 13312K, 0% used [0x00000000e3700000,0x00000000e3700000,0x00000000e4400000)
 ParOldGen       total 86016K, used 13940K [0x0000000082200000, 0x0000000087600000, 0x00000000d6100000)
  object space 86016K, 16% used [0x0000000082200000,0x0000000082f9d178,0x0000000087600000)
 Metaspace       used 20606K, capacity 21088K, committed 21296K, reserved 1069056K
  class space    used 2405K, capacity 2567K, committed 2688K, reserved 1048576K
}
Event: 7.445 GC heap before
{Heap before GC invocations=10 (full 1):
 PSYoungGen      total 139264K, used 10729K [0x00000000d6100000, 0x00000000e4400000, 0x0000000100000000)
  eden space 128512K, 0% used [0x00000000d6100000,0x00000000d6100000,0x00000000dde80000)
  from space 10752K, 99% used [0x00000000dde80000,0x00000000de8fa470,0x00000000de900000)
  to   space 13312K, 0% used [0x00000000e3700000,0x00000000e3700000,0x00000000e4400000)
 ParOldGen       total 86016K, used 13940K [0x0000000082200000, 0x0000000087600000, 0x00000000d6100000)
  object space 86016K, 16% used [0x0000000082200000,0x0000000082f9d178,0x0000000087600000)
 Metaspace       used 20606K, capacity 21088K, committed 21296K, reserved 1069056K
  class space    used 2405K, capacity 2567K, committed 2688K, reserved 1048576K
Event: 7.517 GC heap after
Heap after GC invocations=10 (full 1):
 PSYoungGen      total 139264K, used 0K [0x00000000d6100000, 0x00000000e4400000, 0x0000000100000000)
  eden space 128512K, 0% used [0x00000000d6100000,0x00000000d6100000,0x00000000dde80000)
  from space 10752K, 0% used [0x00000000dde80000,0x00000000dde80000,0x00000000de900000)
  to   space 13312K, 0% used [0x00000000e3700000,0x00000000e3700000,0x00000000e4400000)
 ParOldGen       total 69120K, used 20994K [0x0000000082200000, 0x0000000086580000, 0x00000000d6100000)
  object space 69120K, 30% used [0x0000000082200000,0x00000000836809b0,0x0000000086580000)
 Metaspace       used 20606K, capacity 21088K, committed 21296K, reserved 1069056K
  class space    used 2405K, capacity 2567K, committed 2688K, reserved 1048576K
}
Event: 9.999 GC heap before
{Heap before GC invocations=11 (full 1):
 PSYoungGen      total 139264K, used 128512K [0x00000000d6100000, 0x00000000e4400000, 0x0000000100000000)
  eden space 128512K, 100% used [0x00000000d6100000,0x00000000dde80000,0x00000000dde80000)
  from space 10752K, 0% used [0x00000000dde80000,0x00000000dde80000,0x00000000de900000)
  to   space 13312K, 0% used [0x00000000e3700000,0x00000000e3700000,0x00000000e4400000)
 ParOldGen       total 69120K, used 20994K [0x0000000082200000, 0x0000000086580000, 0x00000000d6100000)
  object space 69120K, 30% used [0x0000000082200000,0x00000000836809b0,0x0000000086580000)
 Metaspace       used 23112K, capacity 23760K, committed 23936K, reserved 1071104K
  class space    used 2627K, capacity 2837K, committed 2944K, reserved 1048576K
Event: 10.041 GC heap after
Heap after GC invocations=11 (full 1):
 PSYoungGen      total 192512K, used 13280K [0x00000000d6100000, 0x00000000e4400000, 0x0000000100000000)
  eden space 179200K, 0% used [0x00000000d6100000,0x00000000d6100000,0x00000000e1000000)
  from space 13312K, 99% used [0x00000000e3700000,0x00000000e43f82f8,0x00000000e4400000)
  to   space 16896K, 0% used [0x00000000e2300000,0x00000000e2300000,0x00000000e3380000)
 ParOldGen       total 69120K, used 26801K [0x0000000082200000, 0x0000000086580000, 0x00000000d6100000)
  object space 69120K, 38% used [0x0000000082200000,0x0000000083c2c4c0,0x0000000086580000)
 Metaspace       used 23112K, capacity 23760K, committed 23936K, reserved 1071104K
  class space    used 2627K, capacity 2837K, committed 2944K, reserved 1048576K
}
Event: 10.695 GC heap before
{Heap before GC invocations=12 (full 1):
 PSYoungGen      total 192512K, used 192480K [0x00000000d6100000, 0x00000000e4400000, 0x0000000100000000)
  eden space 179200K, 100% used [0x00000000d6100000,0x00000000e1000000,0x00000000e1000000)
  from space 13312K, 99% used [0x00000000e3700000,0x00000000e43f82f8,0x00000000e4400000)
  to   space 16896K, 0% used [0x00000000e2300000,0x00000000e2300000,0x00000000e3380000)
 ParOldGen       total 69120K, used 26801K [0x0000000082200000, 0x0000000086580000, 0x00000000d6100000)
  object space 69120K, 38% used [0x0000000082200000,0x0000000083c2c4c0,0x0000000086580000)
 Metaspace       used 23500K, capacity 24178K, committed 24448K, reserved 1071104K
  class space    used 2668K, capacity 2864K, committed 2944K, reserved 1048576K
Event: 10.725 GC heap after
Heap after GC invocations=12 (full 1):
 PSYoungGen      total 196096K, used 4880K [0x00000000d6100000, 0x00000000e4400000, 0x0000000100000000)
  eden space 179200K, 0% used [0x00000000d6100000,0x00000000d6100000,0x00000000e1000000)
  from space 16896K, 28% used [0x00000000e2300000,0x00000000e27c40e0,0x00000000e3380000)
  to   space 13312K, 0% used [0x00000000e3700000,0x00000000e3700000,0x00000000e4400000)
 ParOldGen       total 69120K, used 40044K [0x0000000082200000, 0x0000000086580000, 0x00000000d6100000)
  object space 69120K, 57% used [0x0000000082200000,0x000000008491b2b0,0x0000000086580000)
 Metaspace       used 23500K, capacity 24178K, committed 24448K, reserved 1071104K
  class space    used 2668K, capacity 2864K, committed 2944K, reserved 1048576K
}
Event: 11.265 GC heap before
{Heap before GC invocations=13 (full 1):
 PSYoungGen      total 196096K, used 184080K [0x00000000d6100000, 0x00000000e4400000, 0x0000000100000000)
  eden space 179200K, 100% used [0x00000000d6100000,0x00000000e1000000,0x00000000e1000000)
  from space 16896K, 28% used [0x00000000e2300000,0x00000000e27c40e0,0x00000000e3380000)
  to   space 13312K, 0% used [0x00000000e3700000,0x00000000e3700000,0x00000000e4400000)
 ParOldGen       total 69120K, used 40044K [0x0000000082200000, 0x0000000086580000, 0x00000000d6100000)
  object space 69120K, 57% used [0x0000000082200000,0x000000008491b2b0,0x0000000086580000)
 Metaspace       used 23548K, capacity 24196K, committed 24448K, reserved 1071104K
  class space    used 2670K, capacity 2867K, committed 2944K, reserved 1048576K
Event: 11.270 GC heap after
Heap after GC invocations=13 (full 1):
 PSYoungGen      total 215552K, used 2992K [0x00000000d6100000, 0x00000000e7900000, 0x0000000100000000)
  eden space 202240K, 0% used [0x00000000d6100000,0x00000000d6100000,0x00000000e2680000)
  from space 13312K, 22% used [0x00000000e3700000,0x00000000e39ec0a0,0x00000000e4400000)
  to   space 16896K, 0% used [0x00000000e2680000,0x00000000e2680000,0x00000000e3700000)
 ParOldGen       total 69120K, used 43409K [0x0000000082200000, 0x0000000086580000, 0x00000000d6100000)
  object space 69120K, 62% used [0x0000000082200000,0x0000000084c64400,0x0000000086580000)
 Metaspace       used 23548K, capacity 24196K, committed 24448K, reserved 1071104K
  class space    used 2670K, capacity 2867K, committed 2944K, reserved 1048576K
}

