# JRE version: Java(TM) SE Runtime Environment (8.0_73-b02) (build 1.8.0_73-b02)
# Java VM: Java HotSpot(TM) 64-Bit Server VM (25.73-b02 mixed mode windows-amd64 compressed oops)
Heap:
 PSYoungGen      total 37376K, used 10195K [0x00000000d6100000, 0x00000000d9180000, 0x0000000100000000)
  eden space 32256K, 15% used [0x00000000d6100000,0x00000000d65f6d68,0x00000000d8080000)
  from space 5120K, 99% used [0x00000000d8100000,0x00000000d85fe030,0x00000000d8600000)
  to   space 8704K, 0% used [0x00000000d8900000,0x00000000d8900000,0x00000000d9180000)
 ParOldGen       total 86016K, used 6537K [0x0000000082200000, 0x0000000087600000, 0x00000000d6100000)
  object space 86016K, 7% used [0x0000000082200000,0x0000000082862638,0x0000000087600000)
 Metaspace       used 13046K, capacity 13268K, committed 13440K, reserved 1060864K
  class space    used 1562K, capacity 1645K, committed 1664K, reserved 1048576K
GC Heap History (10 events):
Event: 6.312 GC heap before
{Heap before GC invocations=1 (full 0):
 PSYoungGen      total 37888K, used 32768K [0x00000000d6100000, 0x00000000d8b00000, 0x0000000100000000)
  eden space 32768K, 100% used [0x00000000d6100000,0x00000000d8100000,0x00000000d8100000)
  from space 5120K, 0% used [0x00000000d8600000,0x00000000d8600000,0x00000000d8b00000)
  to   space 5120K, 0% used [0x00000000d8100000,0x00000000d8100000,0x00000000d8600000)
 ParOldGen       total 86016K, used 0K [0x0000000082200000, 0x0000000087600000, 0x00000000d6100000)
  object space 86016K, 0% used [0x0000000082200000,0x0000000082200000,0x0000000087600000)
 Metaspace       used 7527K, capacity 7688K, committed 7936K, reserved 1056768K
  class space    used 942K, capacity 988K, committed 1024K, reserved 1048576K
Event: 6.318 GC heap after
Heap after GC invocations=1 (full 0):
 PSYoungGen      total 37888K, used 4530K [0x00000000d6100000, 0x00000000d8b00000, 0x0000000100000000)
  eden space 32768K, 0% used [0x00000000d6100000,0x00000000d6100000,0x00000000d8100000)
  from space 5120K, 88% used [0x00000000d8100000,0x00000000d856c828,0x00000000d8600000)
  to   space 5120K, 0% used [0x00000000d8600000,0x00000000d8600000,0x00000000d8b00000)
 ParOldGen       total 86016K, used 16K [0x0000000082200000, 0x0000000087600000, 0x00000000d6100000)
  object space 86016K, 0% used [0x0000000082200000,0x0000000082204000,0x0000000087600000)
 Metaspace       used 7527K, capacity 7688K, committed 7936K, reserved 1056768K
  class space    used 942K, capacity 988K, committed 1024K, reserved 1048576K
}
Event: 7.790 GC heap before
{Heap before GC invocations=2 (full 0):
 PSYoungGen      total 37888K, used 37298K [0x00000000d6100000, 0x00000000d8b00000, 0x0000000100000000)
  eden space 32768K, 100% used [0x00000000d6100000,0x00000000d8100000,0x00000000d8100000)
  from space 5120K, 88% used [0x00000000d8100000,0x00000000d856c828,0x00000000d8600000)
  to   space 5120K, 0% used [0x00000000d8600000,0x00000000d8600000,0x00000000d8b00000)
 ParOldGen       total 86016K, used 16K [0x0000000082200000, 0x0000000087600000, 0x00000000d6100000)
  object space 86016K, 0% used [0x0000000082200000,0x0000000082204000,0x0000000087600000)
 Metaspace       used 11898K, capacity 12090K, committed 12288K, reserved 1060864K
  class space    used 1471K, capacity 1535K, committed 1536K, reserved 1048576K
Event: 7.796 GC heap after
Heap after GC invocations=2 (full 0):
 PSYoungGen      total 37888K, used 5112K [0x00000000d6100000, 0x00000000d8b00000, 0x0000000100000000)
  eden space 32768K, 0% used [0x00000000d6100000,0x00000000d6100000,0x00000000d8100000)
  from space 5120K, 99% used [0x00000000d8600000,0x00000000d8afe038,0x00000000d8b00000)
  to   space 5120K, 0% used [0x00000000d8100000,0x00000000d8100000,0x00000000d8600000)
 ParOldGen       total 86016K, used 1582K [0x0000000082200000, 0x0000000087600000, 0x00000000d6100000)
  object space 86016K, 1% used [0x0000000082200000,0x000000008238b918,0x0000000087600000)
 Metaspace       used 11898K, capacity 12090K, committed 12288K, reserved 1060864K
  class space    used 1471K, capacity 1535K, committed 1536K, reserved 1048576K
}
Event: 10.304 GC heap before
{Heap before GC invocations=3 (full 0):
 PSYoungGen      total 37888K, used 37880K [0x00000000d6100000, 0x00000000d8b00000, 0x0000000100000000)
  eden space 32768K, 100% used [0x00000000d6100000,0x00000000d8100000,0x00000000d8100000)
  from space 5120K, 99% used [0x00000000d8600000,0x00000000d8afe038,0x00000000d8b00000)
  to   space 5120K, 0% used [0x00000000d8100000,0x00000000d8100000,0x00000000d8600000)
 ParOldGen       total 86016K, used 1582K [0x0000000082200000, 0x0000000087600000, 0x00000000d6100000)
  object space 86016K, 1% used [0x0000000082200000,0x000000008238b918,0x0000000087600000)
 Metaspace       used 12710K, capacity 12896K, committed 13184K, reserved 1060864K
  class space    used 1533K, capacity 1608K, committed 1664K, reserved 1048576K
Event: 10.308 GC heap after
Heap after GC invocations=3 (full 0):
 PSYoungGen      total 37888K, used 5112K [0x00000000d6100000, 0x00000000d8b00000, 0x0000000100000000)
  eden space 32768K, 0% used [0x00000000d6100000,0x00000000d6100000,0x00000000d8100000)
  from space 5120K, 99% used [0x00000000d8100000,0x00000000d85fe238,0x00000000d8600000)
  to   space 5120K, 0% used [0x00000000d8600000,0x00000000d8600000,0x00000000d8b00000)
 ParOldGen       total 86016K, used 1982K [0x0000000082200000, 0x0000000087600000, 0x00000000d6100000)
  object space 86016K, 2% used [0x0000000082200000,0x00000000823ef968,0x0000000087600000)
 Metaspace       used 12710K, capacity 12896K, committed 13184K, reserved 1060864K
  class space    used 1533K, capacity 1608K, committed 1664K, reserved 1048576K
}
Event: 11.682 GC heap before
{Heap before GC invocations=4 (full 0):
 PSYoungGen      total 37888K, used 37880K [0x00000000d6100000, 0x00000000d8b00000, 0x0000000100000000)
  eden space 32768K, 100% used [0x00000000d6100000,0x00000000d8100000,0x00000000d8100000)
  from space 5120K, 99% used [0x00000000d8100000,0x00000000d85fe238,0x00000000d8600000)
  to   space 5120K, 0% used [0x00000000d8600000,0x00000000d8600000,0x00000000d8b00000)
 ParOldGen       total 86016K, used 1982K [0x0000000082200000, 0x0000000087600000, 0x00000000d6100000)
  object space 86016K, 2% used [0x0000000082200000,0x00000000823ef968,0x0000000087600000)
 Metaspace       used 12958K, capacity 13184K, committed 13440K, reserved 1060864K
  class space    used 1559K, capacity 1640K, committed 1664K, reserved 1048576K
Event: 11.703 GC heap after
Heap after GC invocations=4 (full 0):
 PSYoungGen      total 37888K, used 5112K [0x00000000d6100000, 0x00000000d8b00000, 0x0000000100000000)
  eden space 32768K, 0% used [0x00000000d6100000,0x00000000d6100000,0x00000000d8100000)
  from space 5120K, 99% used [0x00000000d8600000,0x00000000d8afe010,0x00000000d8b00000)
  to   space 5120K, 0% used [0x00000000d8100000,0x00000000d8100000,0x00000000d8600000)
 ParOldGen       total 86016K, used 4745K [0x0000000082200000, 0x0000000087600000, 0x00000000d6100000)
  object space 86016K, 5% used [0x0000000082200000,0x00000000826a2618,0x0000000087600000)
 Metaspace       used 12958K, capacity 13184K, committed 13440K, reserved 1060864K
  class space    used 1559K, capacity 1640K, committed 1664K, reserved 1048576K
}
Event: 12.525 GC heap before
{Heap before GC invocations=5 (full 0):
 PSYoungGen      total 37888K, used 37880K [0x00000000d6100000, 0x00000000d8b00000, 0x0000000100000000)
  eden space 32768K, 100% used [0x00000000d6100000,0x00000000d8100000,0x00000000d8100000)
  from space 5120K, 99% used [0x00000000d8600000,0x00000000d8afe010,0x00000000d8b00000)
  to   space 5120K, 0% used [0x00000000d8100000,0x00000000d8100000,0x00000000d8600000)
 ParOldGen       total 86016K, used 4745K [0x0000000082200000, 0x0000000087600000, 0x00000000d6100000)
  object space 86016K, 5% used [0x0000000082200000,0x00000000826a2618,0x0000000087600000)
 Metaspace       used 13041K, capacity 13268K, committed 13440K, reserved 1060864K
  class space    used 1562K, capacity 1645K, committed 1664K, reserved 1048576K
Event: 12.529 GC heap after
Heap after GC invocations=5 (full 0):
 PSYoungGen      total 37376K, used 5112K [0x00000000d6100000, 0x00000000d9180000, 0x0000000100000000)
  eden space 32256K, 0% used [0x00000000d6100000,0x00000000d6100000,0x00000000d8080000)
  from space 5120K, 99% used [0x00000000d8100000,0x00000000d85fe030,0x00000000d8600000)
  to   space 8704K, 0% used [0x00000000d8900000,0x00000000d8900000,0x00000000d9180000)
 ParOldGen       total 86016K, used 6537K [0x0000000082200000, 0x0000000087600000, 0x00000000d6100000)
  object space 86016K, 7% used [0x0000000082200000,0x0000000082862638,0x0000000087600000)
 Metaspace       used 13041K, capacity 13268K, committed 13440K, reserved 1060864K
  class space    used 1562K, capacity 1645K, committed 1664K, reserved 1048576K
}

