# JRE version: Java(TM) SE Runtime Environment (8.0_73-b02) (build 1.8.0_73-b02)
# Java VM: Java HotSpot(TM) 64-Bit Server VM (25.73-b02 mixed mode windows-amd64 compressed oops)
Heap:
 PSYoungGen      total 292352K, used 38183K [0x00000000d6100000, 0x00000000f0800000, 0x0000000100000000)
  eden space 275968K, 8% used [0x00000000d6100000,0x00000000d776db70,0x00000000e6e80000)
  from space 16384K, 92% used [0x00000000e6e80000,0x00000000e7d5c3b8,0x00000000e7e80000)
  to   space 17920K, 0% used [0x00000000ef680000,0x00000000ef680000,0x00000000f0800000)
 ParOldGen       total 66048K, used 47617K [0x0000000082200000, 0x0000000086280000, 0x00000000d6100000)
  object space 66048K, 72% used [0x0000000082200000,0x0000000085080478,0x0000000086280000)
 Metaspace       used 25650K, capacity 26342K, committed 26624K, reserved 1073152K
  class space    used 2831K, capacity 3029K, committed 3072K, reserved 1048576K
GC Heap History (10 events):
Event: 10.777 GC heap before
{Heap before GC invocations=10 (full 1):
 PSYoungGen      total 141824K, used 11000K [0x00000000d6100000, 0x00000000e4580000, 0x0000000100000000)
  eden space 130048K, 0% used [0x00000000d6100000,0x00000000d6100000,0x00000000de000000)
  from space 11776K, 93% used [0x00000000de000000,0x00000000deabe398,0x00000000deb80000)
  to   space 12800K, 0% used [0x00000000e3900000,0x00000000e3900000,0x00000000e4580000)
 ParOldGen       total 86016K, used 13964K [0x0000000082200000, 0x0000000087600000, 0x00000000d6100000)
  object space 86016K, 16% used [0x0000000082200000,0x0000000082fa3380,0x0000000087600000)
 Metaspace       used 20574K, capacity 21088K, committed 21296K, reserved 1069056K
  class space    used 2404K, capacity 2567K, committed 2688K, reserved 1048576K
Event: 10.831 GC heap after
Heap after GC invocations=10 (full 1):
 PSYoungGen      total 141824K, used 0K [0x00000000d6100000, 0x00000000e4580000, 0x0000000100000000)
  eden space 130048K, 0% used [0x00000000d6100000,0x00000000d6100000,0x00000000de000000)
  from space 11776K, 0% used [0x00000000de000000,0x00000000de000000,0x00000000deb80000)
  to   space 12800K, 0% used [0x00000000e3900000,0x00000000e3900000,0x00000000e4580000)
 ParOldGen       total 66048K, used 20965K [0x0000000082200000, 0x0000000086280000, 0x00000000d6100000)
  object space 66048K, 31% used [0x0000000082200000,0x0000000083679770,0x0000000086280000)
 Metaspace       used 20574K, capacity 21088K, committed 21296K, reserved 1069056K
  class space    used 2404K, capacity 2567K, committed 2688K, reserved 1048576K
}
Event: 13.701 GC heap before
{Heap before GC invocations=11 (full 1):
 PSYoungGen      total 141824K, used 130048K [0x00000000d6100000, 0x00000000e4580000, 0x0000000100000000)
  eden space 130048K, 100% used [0x00000000d6100000,0x00000000de000000,0x00000000de000000)
  from space 11776K, 0% used [0x00000000de000000,0x00000000de000000,0x00000000deb80000)
  to   space 12800K, 0% used [0x00000000e3900000,0x00000000e3900000,0x00000000e4580000)
 ParOldGen       total 66048K, used 20965K [0x0000000082200000, 0x0000000086280000, 0x00000000d6100000)
  object space 66048K, 31% used [0x0000000082200000,0x0000000083679770,0x0000000086280000)
 Metaspace       used 23085K, capacity 23760K, committed 23936K, reserved 1071104K
  class space    used 2625K, capacity 2837K, committed 2944K, reserved 1048576K
Event: 13.714 GC heap after
Heap after GC invocations=11 (full 1):
 PSYoungGen      total 199680K, used 12779K [0x00000000d6100000, 0x00000000e4580000, 0x0000000100000000)
  eden space 186880K, 0% used [0x00000000d6100000,0x00000000d6100000,0x00000000e1780000)
  from space 12800K, 99% used [0x00000000e3900000,0x00000000e457ac08,0x00000000e4580000)
  to   space 16384K, 0% used [0x00000000e2580000,0x00000000e2580000,0x00000000e3580000)
 ParOldGen       total 66048K, used 27438K [0x0000000082200000, 0x0000000086280000, 0x00000000d6100000)
  object space 66048K, 41% used [0x0000000082200000,0x0000000083ccb848,0x0000000086280000)
 Metaspace       used 23085K, capacity 23760K, committed 23936K, reserved 1071104K
  class space    used 2625K, capacity 2837K, committed 2944K, reserved 1048576K
}
Event: 14.465 GC heap before
{Heap before GC invocations=12 (full 1):
 PSYoungGen      total 199680K, used 199659K [0x00000000d6100000, 0x00000000e4580000, 0x0000000100000000)
  eden space 186880K, 100% used [0x00000000d6100000,0x00000000e1780000,0x00000000e1780000)
  from space 12800K, 99% used [0x00000000e3900000,0x00000000e457ac08,0x00000000e4580000)
  to   space 16384K, 0% used [0x00000000e2580000,0x00000000e2580000,0x00000000e3580000)
 ParOldGen       total 66048K, used 27438K [0x0000000082200000, 0x0000000086280000, 0x00000000d6100000)
  object space 66048K, 41% used [0x0000000082200000,0x0000000083ccb848,0x0000000086280000)
 Metaspace       used 23468K, capacity 24178K, committed 24448K, reserved 1071104K
  class space    used 2666K, capacity 2864K, committed 2944K, reserved 1048576K
Event: 14.495 GC heap after
Heap after GC invocations=12 (full 1):
 PSYoungGen      total 217600K, used 5024K [0x00000000d6100000, 0x00000000e8e80000, 0x0000000100000000)
  eden space 201216K, 0% used [0x00000000d6100000,0x00000000d6100000,0x00000000e2580000)
  from space 16384K, 30% used [0x00000000e2580000,0x00000000e2a680d0,0x00000000e3580000)
  to   space 16384K, 0% used [0x00000000e7e80000,0x00000000e7e80000,0x00000000e8e80000)
 ParOldGen       total 66048K, used 40266K [0x0000000082200000, 0x0000000086280000, 0x00000000d6100000)
  object space 66048K, 60% used [0x0000000082200000,0x0000000084952a90,0x0000000086280000)
 Metaspace       used 23468K, capacity 24178K, committed 24448K, reserved 1071104K
  class space    used 2666K, capacity 2864K, committed 2944K, reserved 1048576K
}
Event: 15.312 GC heap before
{Heap before GC invocations=13 (full 1):
 PSYoungGen      total 217600K, used 206240K [0x00000000d6100000, 0x00000000e8e80000, 0x0000000100000000)
  eden space 201216K, 100% used [0x00000000d6100000,0x00000000e2580000,0x00000000e2580000)
  from space 16384K, 30% used [0x00000000e2580000,0x00000000e2a680d0,0x00000000e3580000)
  to   space 16384K, 0% used [0x00000000e7e80000,0x00000000e7e80000,0x00000000e8e80000)
 ParOldGen       total 66048K, used 40266K [0x0000000082200000, 0x0000000086280000, 0x00000000d6100000)
  object space 66048K, 60% used [0x0000000082200000,0x0000000084952a90,0x0000000086280000)
 Metaspace       used 23589K, capacity 24326K, committed 24448K, reserved 1071104K
  class space    used 2679K, capacity 2869K, committed 2944K, reserved 1048576K
Event: 15.318 GC heap after
Heap after GC invocations=13 (full 1):
 PSYoungGen      total 292352K, used 4512K [0x00000000d6100000, 0x00000000ea080000, 0x0000000100000000)
  eden space 275968K, 0% used [0x00000000d6100000,0x00000000d6100000,0x00000000e6e80000)
  from space 16384K, 27% used [0x00000000e7e80000,0x00000000e82e83c8,0x00000000e8e80000)
  to   space 16384K, 0% used [0x00000000e6e80000,0x00000000e6e80000,0x00000000e7e80000)
 ParOldGen       total 66048K, used 43563K [0x0000000082200000, 0x0000000086280000, 0x00000000d6100000)
  object space 66048K, 65% used [0x0000000082200000,0x0000000084c8ac10,0x0000000086280000)
 Metaspace       used 23589K, capacity 24326K, committed 24448K, reserved 1071104K
  class space    used 2679K, capacity 2869K, committed 2944K, reserved 1048576K
}
Event: 18.945 GC heap before
{Heap before GC invocations=14 (full 1):
 PSYoungGen      total 292352K, used 280480K [0x00000000d6100000, 0x00000000ea080000, 0x0000000100000000)
  eden space 275968K, 100% used [0x00000000d6100000,0x00000000e6e80000,0x00000000e6e80000)
  from space 16384K, 27% used [0x00000000e7e80000,0x00000000e82e83c8,0x00000000e8e80000)
  to   space 16384K, 0% used [0x00000000e6e80000,0x00000000e6e80000,0x00000000e7e80000)
 ParOldGen       total 66048K, used 43563K [0x0000000082200000, 0x0000000086280000, 0x00000000d6100000)
  object space 66048K, 65% used [0x0000000082200000,0x0000000084c8ac10,0x0000000086280000)
 Metaspace       used 25533K, capacity 26278K, committed 26368K, reserved 1073152K
  class space    used 2821K, capacity 3029K, committed 3072K, reserved 1048576K
Event: 18.960 GC heap after
Heap after GC invocations=14 (full 1):
 PSYoungGen      total 292352K, used 15216K [0x00000000d6100000, 0x00000000f0800000, 0x0000000100000000)
  eden space 275968K, 0% used [0x00000000d6100000,0x00000000d6100000,0x00000000e6e80000)
  from space 16384K, 92% used [0x00000000e6e80000,0x00000000e7d5c3b8,0x00000000e7e80000)
  to   space 17920K, 0% used [0x00000000ef680000,0x00000000ef680000,0x00000000f0800000)
 ParOldGen       total 66048K, used 47617K [0x0000000082200000, 0x0000000086280000, 0x00000000d6100000)
  object space 66048K, 72% used [0x0000000082200000,0x0000000085080478,0x0000000086280000)
 Metaspace       used 25533K, capacity 26278K, committed 26368K, reserved 1073152K
  class space    used 2821K, capacity 3029K, committed 3072K, reserved 1048576K
}

